1738151790.929520 client started (4620): version 3.5a, socket /run/user/1000/tmux-1000/default, protocol 8
1738151790.929649 on Linux 6.6.71 #1-NixOS SMP PREEMPT_DYNAMIC Fri Jan 10 13:31:36 UTC 2025
1738151790.929663 using libevent 2.1.12-stable poll
1738151790.929678 using utf8proc 2.9.0
1738151790.929690 using ncurses 6.4 20221231
1738151790.929710 flags are 0x10010000
1738151790.929730 socket is /run/user/1000/tmux-1000/default
1738151790.929750 trying connect
1738151790.929846 add peer 0x32335f40: 6 ((nil))
1738151790.930382 sending message 111 to peer 0x32335f40 (8 bytes)
1738151790.930442 sending message 111 to peer 0x32335f40 (8 bytes)
1738151790.930450 sending message 101 to peer 0x32335f40 (14 bytes)
1738151790.930457 sending message 109 to peer 0x32335f40 (4 bytes)
1738151790.930463 sending message 102 to peer 0x32335f40 (11 bytes)
1738151790.930470 sending message 108 to peer 0x32335f40 (26 bytes)
1738151790.930476 sending message 112 to peer 0x32335f40 (70 bytes)
1738151790.930483 sending message 112 to peer 0x32335f40 (5 bytes)
1738151790.930490 sending message 112 to peer 0x32335f40 (5 bytes)
1738151790.930496 sending message 112 to peer 0x32335f40 (6 bytes)
1738151790.930502 sending message 112 to peer 0x32335f40 (6 bytes)
1738151790.930508 sending message 112 to peer 0x32335f40 (11 bytes)
1738151790.930515 sending message 112 to peer 0x32335f40 (10 bytes)
1738151790.930522 sending message 112 to peer 0x32335f40 (13 bytes)
1738151790.930528 sending message 112 to peer 0x32335f40 (13 bytes)
1738151790.930534 sending message 112 to peer 0x32335f40 (18 bytes)
1738151790.930540 sending message 112 to peer 0x32335f40 (11 bytes)
1738151790.930546 sending message 112 to peer 0x32335f40 (10 bytes)
1738151790.930552 sending message 112 to peer 0x32335f40 (15 bytes)
1738151790.930559 sending message 112 to peer 0x32335f40 (21 bytes)
1738151790.930565 sending message 112 to peer 0x32335f40 (13 bytes)
1738151790.930571 sending message 112 to peer 0x32335f40 (7 bytes)
1738151790.930577 sending message 112 to peer 0x32335f40 (13 bytes)
1738151790.930583 sending message 112 to peer 0x32335f40 (7 bytes)
1738151790.930590 sending message 112 to peer 0x32335f40 (13 bytes)
1738151790.930596 sending message 112 to peer 0x32335f40 (9 bytes)
1738151790.930602 sending message 112 to peer 0x32335f40 (21 bytes)
1738151790.930608 sending message 112 to peer 0x32335f40 (13 bytes)
1738151790.930614 sending message 112 to peer 0x32335f40 (8 bytes)
1738151790.930621 sending message 112 to peer 0x32335f40 (12 bytes)
1738151790.930627 sending message 112 to peer 0x32335f40 (13 bytes)
1738151790.930633 sending message 112 to peer 0x32335f40 (9 bytes)
1738151790.930639 sending message 112 to peer 0x32335f40 (9 bytes)
1738151790.930646 sending message 112 to peer 0x32335f40 (12 bytes)
1738151790.930652 sending message 112 to peer 0x32335f40 (8 bytes)
1738151790.930658 sending message 112 to peer 0x32335f40 (8 bytes)
1738151790.930664 sending message 112 to peer 0x32335f40 (7 bytes)
1738151790.930670 sending message 112 to peer 0x32335f40 (7 bytes)
1738151790.930677 sending message 112 to peer 0x32335f40 (9 bytes)
1738151790.930683 sending message 112 to peer 0x32335f40 (13 bytes)
1738151790.930689 sending message 112 to peer 0x32335f40 (6 bytes)
1738151790.930695 sending message 112 to peer 0x32335f40 (9 bytes)
1738151790.930701 sending message 112 to peer 0x32335f40 (15 bytes)
1738151790.930708 sending message 112 to peer 0x32335f40 (13 bytes)
1738151790.930714 sending message 112 to peer 0x32335f40 (12 bytes)
1738151790.930720 sending message 112 to peer 0x32335f40 (8 bytes)
1738151790.930726 sending message 112 to peer 0x32335f40 (14 bytes)
1738151790.930732 sending message 112 to peer 0x32335f40 (11 bytes)
1738151790.930738 sending message 112 to peer 0x32335f40 (9 bytes)
1738151790.930745 sending message 112 to peer 0x32335f40 (10 bytes)
1738151790.930751 sending message 112 to peer 0x32335f40 (10 bytes)
1738151790.930757 sending message 112 to peer 0x32335f40 (10 bytes)
1738151790.930763 sending message 112 to peer 0x32335f40 (10 bytes)
1738151790.930784 sending message 112 to peer 0x32335f40 (11 bytes)
1738151790.930790 sending message 112 to peer 0x32335f40 (12 bytes)
1738151790.930796 sending message 112 to peer 0x32335f40 (12 bytes)
1738151790.930802 sending message 112 to peer 0x32335f40 (12 bytes)
1738151790.930809 sending message 112 to peer 0x32335f40 (12 bytes)
1738151790.930815 sending message 112 to peer 0x32335f40 (12 bytes)
1738151790.930822 sending message 112 to peer 0x32335f40 (11 bytes)
1738151790.930828 sending message 112 to peer 0x32335f40 (11 bytes)
1738151790.930834 sending message 112 to peer 0x32335f40 (12 bytes)
1738151790.930840 sending message 112 to peer 0x32335f40 (12 bytes)
1738151790.930847 sending message 112 to peer 0x32335f40 (12 bytes)
1738151790.930853 sending message 112 to peer 0x32335f40 (12 bytes)
1738151790.930860 sending message 112 to peer 0x32335f40 (12 bytes)
1738151790.930867 sending message 112 to peer 0x32335f40 (10 bytes)
1738151790.930873 sending message 112 to peer 0x32335f40 (12 bytes)
1738151790.930879 sending message 112 to peer 0x32335f40 (13 bytes)
1738151790.930885 sending message 112 to peer 0x32335f40 (13 bytes)
1738151790.930891 sending message 112 to peer 0x32335f40 (13 bytes)
1738151790.930898 sending message 112 to peer 0x32335f40 (13 bytes)
1738151790.930904 sending message 112 to peer 0x32335f40 (13 bytes)
1738151790.930910 sending message 112 to peer 0x32335f40 (8 bytes)
1738151790.930916 sending message 112 to peer 0x32335f40 (11 bytes)
1738151790.930923 sending message 112 to peer 0x32335f40 (11 bytes)
1738151790.930929 sending message 112 to peer 0x32335f40 (11 bytes)
1738151790.930935 sending message 112 to peer 0x32335f40 (12 bytes)
1738151790.930941 sending message 112 to peer 0x32335f40 (12 bytes)
1738151790.930947 sending message 112 to peer 0x32335f40 (12 bytes)
1738151790.930953 sending message 112 to peer 0x32335f40 (12 bytes)
1738151790.930959 sending message 112 to peer 0x32335f40 (13 bytes)
1738151790.930966 sending message 112 to peer 0x32335f40 (13 bytes)
1738151790.930972 sending message 112 to peer 0x32335f40 (13 bytes)
1738151790.930978 sending message 112 to peer 0x32335f40 (8 bytes)
1738151790.930984 sending message 112 to peer 0x32335f40 (13 bytes)
1738151790.930990 sending message 112 to peer 0x32335f40 (13 bytes)
1738151790.930997 sending message 112 to peer 0x32335f40 (13 bytes)
1738151790.931004 sending message 112 to peer 0x32335f40 (13 bytes)
1738151790.931010 sending message 112 to peer 0x32335f40 (13 bytes)
1738151790.931016 sending message 112 to peer 0x32335f40 (12 bytes)
1738151790.931022 sending message 112 to peer 0x32335f40 (12 bytes)
1738151790.931028 sending message 112 to peer 0x32335f40 (12 bytes)
1738151790.931034 sending message 112 to peer 0x32335f40 (12 bytes)
1738151790.931041 sending message 112 to peer 0x32335f40 (13 bytes)
1738151790.931047 sending message 112 to peer 0x32335f40 (8 bytes)
1738151790.931053 sending message 112 to peer 0x32335f40 (13 bytes)
1738151790.931059 sending message 112 to peer 0x32335f40 (13 bytes)
1738151790.931066 sending message 112 to peer 0x32335f40 (13 bytes)
1738151790.931073 sending message 112 to peer 0x32335f40 (13 bytes)
1738151790.931079 sending message 112 to peer 0x32335f40 (13 bytes)
1738151790.931085 sending message 112 to peer 0x32335f40 (13 bytes)
1738151790.931091 sending message 112 to peer 0x32335f40 (13 bytes)
1738151790.931097 sending message 112 to peer 0x32335f40 (12 bytes)
1738151790.931103 sending message 112 to peer 0x32335f40 (12 bytes)
1738151790.931110 sending message 112 to peer 0x32335f40 (12 bytes)
1738151790.931116 sending message 112 to peer 0x32335f40 (8 bytes)
1738151790.931122 sending message 112 to peer 0x32335f40 (12 bytes)
1738151790.931128 sending message 112 to peer 0x32335f40 (13 bytes)
1738151790.931134 sending message 112 to peer 0x32335f40 (13 bytes)
1738151790.931140 sending message 112 to peer 0x32335f40 (13 bytes)
1738151790.931147 sending message 112 to peer 0x32335f40 (13 bytes)
1738151790.931153 sending message 112 to peer 0x32335f40 (13 bytes)
1738151790.931159 sending message 112 to peer 0x32335f40 (13 bytes)
1738151790.931175 sending message 112 to peer 0x32335f40 (13 bytes)
1738151790.931182 sending message 112 to peer 0x32335f40 (13 bytes)
1738151790.931188 sending message 112 to peer 0x32335f40 (12 bytes)
1738151790.931194 sending message 112 to peer 0x32335f40 (10 bytes)
1738151790.931200 sending message 112 to peer 0x32335f40 (12 bytes)
1738151790.931206 sending message 112 to peer 0x32335f40 (12 bytes)
1738151790.931212 sending message 112 to peer 0x32335f40 (12 bytes)
1738151790.931218 sending message 112 to peer 0x32335f40 (13 bytes)
1738151790.931224 sending message 112 to peer 0x32335f40 (13 bytes)
1738151790.931230 sending message 112 to peer 0x32335f40 (13 bytes)
1738151790.931236 sending message 112 to peer 0x32335f40 (13 bytes)
1738151790.931242 sending message 112 to peer 0x32335f40 (13 bytes)
1738151790.931249 sending message 112 to peer 0x32335f40 (13 bytes)
1738151790.931255 sending message 112 to peer 0x32335f40 (13 bytes)
1738151790.931262 sending message 112 to peer 0x32335f40 (10 bytes)
1738151790.931268 sending message 112 to peer 0x32335f40 (13 bytes)
1738151790.931274 sending message 112 to peer 0x32335f40 (12 bytes)
1738151790.931280 sending message 112 to peer 0x32335f40 (12 bytes)
1738151790.931286 sending message 112 to peer 0x32335f40 (12 bytes)
1738151790.931292 sending message 112 to peer 0x32335f40 (10 bytes)
1738151790.931299 sending message 112 to peer 0x32335f40 (10 bytes)
1738151790.931305 sending message 112 to peer 0x32335f40 (10 bytes)
1738151790.931311 sending message 112 to peer 0x32335f40 (12 bytes)
1738151790.931317 sending message 112 to peer 0x32335f40 (13 bytes)
1738151790.931323 sending message 112 to peer 0x32335f40 (13 bytes)
1738151790.931329 sending message 112 to peer 0x32335f40 (13 bytes)
1738151790.931335 sending message 112 to peer 0x32335f40 (13 bytes)
1738151790.931341 sending message 112 to peer 0x32335f40 (13 bytes)
1738151790.931348 sending message 112 to peer 0x32335f40 (11 bytes)
1738151790.931363 sending message 112 to peer 0x32335f40 (11 bytes)
1738151790.931373 sending message 112 to peer 0x32335f40 (12 bytes)
1738151790.931379 sending message 112 to peer 0x32335f40 (12 bytes)
1738151790.931385 sending message 112 to peer 0x32335f40 (12 bytes)
1738151790.931392 sending message 112 to peer 0x32335f40 (12 bytes)
1738151790.931398 sending message 112 to peer 0x32335f40 (12 bytes)
1738151790.931404 sending message 112 to peer 0x32335f40 (11 bytes)
1738151790.931410 sending message 112 to peer 0x32335f40 (12 bytes)
1738151790.931416 sending message 112 to peer 0x32335f40 (12 bytes)
1738151790.931422 sending message 112 to peer 0x32335f40 (13 bytes)
1738151790.931428 sending message 112 to peer 0x32335f40 (13 bytes)
1738151790.931434 sending message 112 to peer 0x32335f40 (13 bytes)
1738151790.931440 sending message 112 to peer 0x32335f40 (13 bytes)
1738151790.931446 sending message 112 to peer 0x32335f40 (13 bytes)
1738151790.931452 sending message 112 to peer 0x32335f40 (10 bytes)
1738151790.931458 sending message 112 to peer 0x32335f40 (9 bytes)
1738151790.931464 sending message 112 to peer 0x32335f40 (12 bytes)
1738151790.931471 sending message 112 to peer 0x32335f40 (13 bytes)
1738151790.931478 sending message 112 to peer 0x32335f40 (13 bytes)
1738151790.931484 sending message 112 to peer 0x32335f40 (13 bytes)
1738151790.931490 sending message 112 to peer 0x32335f40 (13 bytes)
1738151790.931496 sending message 112 to peer 0x32335f40 (13 bytes)
1738151790.931502 sending message 112 to peer 0x32335f40 (9 bytes)
1738151790.931508 sending message 112 to peer 0x32335f40 (12 bytes)
1738151790.931514 sending message 112 to peer 0x32335f40 (13 bytes)
1738151790.931520 sending message 112 to peer 0x32335f40 (13 bytes)
1738151790.931526 sending message 112 to peer 0x32335f40 (13 bytes)
1738151790.931532 sending message 112 to peer 0x32335f40 (13 bytes)
1738151790.931538 sending message 112 to peer 0x32335f40 (13 bytes)
1738151790.931544 sending message 112 to peer 0x32335f40 (11 bytes)
1738151790.931550 sending message 112 to peer 0x32335f40 (12 bytes)
1738151790.931567 sending message 112 to peer 0x32335f40 (13 bytes)
1738151790.931573 sending message 112 to peer 0x32335f40 (13 bytes)
1738151790.931579 sending message 112 to peer 0x32335f40 (13 bytes)
1738151790.931585 sending message 112 to peer 0x32335f40 (13 bytes)
1738151790.931591 sending message 112 to peer 0x32335f40 (13 bytes)
1738151790.931598 sending message 112 to peer 0x32335f40 (11 bytes)
1738151790.931604 sending message 112 to peer 0x32335f40 (12 bytes)
1738151790.931610 sending message 112 to peer 0x32335f40 (12 bytes)
1738151790.931616 sending message 112 to peer 0x32335f40 (12 bytes)
1738151790.931622 sending message 112 to peer 0x32335f40 (12 bytes)
1738151790.931628 sending message 112 to peer 0x32335f40 (12 bytes)
1738151790.931634 sending message 112 to peer 0x32335f40 (21 bytes)
1738151790.931641 sending message 112 to peer 0x32335f40 (12 bytes)
1738151790.931647 sending message 112 to peer 0x32335f40 (9 bytes)
1738151790.931653 sending message 112 to peer 0x32335f40 (6 bytes)
1738151790.931659 sending message 112 to peer 0x32335f40 (13 bytes)
1738151790.931665 sending message 112 to peer 0x32335f40 (8 bytes)
1738151790.931672 sending message 112 to peer 0x32335f40 (15 bytes)
1738151790.931679 sending message 112 to peer 0x32335f40 (13 bytes)
1738151790.931685 sending message 112 to peer 0x32335f40 (9 bytes)
1738151790.931691 sending message 112 to peer 0x32335f40 (70 bytes)
1738151790.931697 sending message 112 to peer 0x32335f40 (69 bytes)
1738151790.931704 sending message 112 to peer 0x32335f40 (10 bytes)
1738151790.931710 sending message 112 to peer 0x32335f40 (10 bytes)
1738151790.931716 sending message 112 to peer 0x32335f40 (8 bytes)
1738151790.931723 sending message 112 to peer 0x32335f40 (15 bytes)
1738151790.931729 sending message 112 to peer 0x32335f40 (13 bytes)
1738151790.931735 sending message 112 to peer 0x32335f40 (10 bytes)
1738151790.931741 sending message 112 to peer 0x32335f40 (10 bytes)
1738151790.931747 sending message 112 to peer 0x32335f40 (17 bytes)
1738151790.931753 sending message 112 to peer 0x32335f40 (10 bytes)
1738151790.931760 sending message 112 to peer 0x32335f40 (13 bytes)
1738151790.931766 sending message 112 to peer 0x32335f40 (9 bytes)
1738151790.931772 sending message 112 to peer 0x32335f40 (5 bytes)
1738151790.931778 sending message 112 to peer 0x32335f40 (15 bytes)
1738151790.931785 sending message 104 to peer 0x32335f40 (0 bytes)
1738151790.931792 sending message 110 to peer 0x32335f40 (0 bytes)
1738151790.931799 sending message 107 to peer 0x32335f40 (4 bytes)
1738151790.931805 sending message 105 to peer 0x32335f40 (30 bytes)
1738151790.931811 sending message 105 to peer 0x32335f40 (38 bytes)
1738151790.931817 sending message 105 to peer 0x32335f40 (62 bytes)
1738151790.931824 sending message 105 to peer 0x32335f40 (35 bytes)
1738151790.931830 sending message 105 to peer 0x32335f40 (232 bytes)
1738151790.931836 sending message 105 to peer 0x32335f40 (20 bytes)
1738151790.931843 sending message 105 to peer 0x32335f40 (79 bytes)
1738151790.931849 sending message 105 to peer 0x32335f40 (54 bytes)
1738151790.931855 sending message 105 to peer 0x32335f40 (23 bytes)
1738151790.931862 sending message 105 to peer 0x32335f40 (296 bytes)
1738151790.931868 sending message 105 to peer 0x32335f40 (11 bytes)
1738151790.931874 sending message 105 to peer 0x32335f40 (14 bytes)
1738151790.931880 sending message 105 to peer 0x32335f40 (8 bytes)
1738151790.931886 sending message 105 to peer 0x32335f40 (954 bytes)
1738151790.931893 sending message 105 to peer 0x32335f40 (12 bytes)
1738151790.931899 sending message 105 to peer 0x32335f40 (71 bytes)
1738151790.931905 sending message 105 to peer 0x32335f40 (16 bytes)
1738151790.931911 sending message 105 to peer 0x32335f40 (23 bytes)
1738151790.931917 sending message 105 to peer 0x32335f40 (35 bytes)
1738151790.931924 sending message 105 to peer 0x32335f40 (95 bytes)
1738151790.931930 sending message 105 to peer 0x32335f40 (17 bytes)
1738151790.931936 sending message 105 to peer 0x32335f40 (23 bytes)
1738151790.931959 sending message 105 to peer 0x32335f40 (23 bytes)
1738151790.931966 sending message 105 to peer 0x32335f40 (22 bytes)
1738151790.931972 sending message 105 to peer 0x32335f40 (21 bytes)
1738151790.931978 sending message 105 to peer 0x32335f40 (30 bytes)
1738151790.931984 sending message 105 to peer 0x32335f40 (24 bytes)
1738151790.931991 sending message 105 to peer 0x32335f40 (20 bytes)
1738151790.931997 sending message 105 to peer 0x32335f40 (23 bytes)
1738151790.932003 sending message 105 to peer 0x32335f40 (25 bytes)
1738151790.932009 sending message 105 to peer 0x32335f40 (20 bytes)
1738151790.932015 sending message 105 to peer 0x32335f40 (87 bytes)
1738151790.932021 sending message 105 to peer 0x32335f40 (28 bytes)
1738151790.932027 sending message 105 to peer 0x32335f40 (58 bytes)
1738151790.932034 sending message 105 to peer 0x32335f40 (51 bytes)
1738151790.932040 sending message 105 to peer 0x32335f40 (10 bytes)
1738151790.932046 sending message 105 to peer 0x32335f40 (21 bytes)
1738151790.932052 sending message 105 to peer 0x32335f40 (24 bytes)
1738151790.932058 sending message 105 to peer 0x32335f40 (72 bytes)
1738151790.932065 sending message 105 to peer 0x32335f40 (16021 bytes)
1738151790.932089 sending message 105 to peer 0x32335f40 (64 bytes)
1738151790.932097 sending message 105 to peer 0x32335f40 (15 bytes)
1738151790.932104 sending message 105 to peer 0x32335f40 (23 bytes)
1738151790.932111 sending message 105 to peer 0x32335f40 (711 bytes)
1738151790.932118 sending message 105 to peer 0x32335f40 (13 bytes)
1738151790.932124 sending message 105 to peer 0x32335f40 (35 bytes)
1738151790.932130 sending message 105 to peer 0x32335f40 (856 bytes)
1738151790.932136 sending message 105 to peer 0x32335f40 (11 bytes)
1738151790.932143 sending message 105 to peer 0x32335f40 (51 bytes)
1738151790.932149 sending message 105 to peer 0x32335f40 (24 bytes)
1738151790.932156 sending message 105 to peer 0x32335f40 (52 bytes)
1738151790.932162 sending message 105 to peer 0x32335f40 (83 bytes)
1738151790.932168 sending message 105 to peer 0x32335f40 (39 bytes)
1738151790.932174 sending message 105 to peer 0x32335f40 (90 bytes)
1738151790.932180 sending message 105 to peer 0x32335f40 (23 bytes)
1738151790.932186 sending message 105 to peer 0x32335f40 (27 bytes)
1738151790.932192 sending message 105 to peer 0x32335f40 (21 bytes)
1738151790.932198 sending message 105 to peer 0x32335f40 (16 bytes)
1738151790.932205 sending message 105 to peer 0x32335f40 (84 bytes)
1738151790.932211 sending message 105 to peer 0x32335f40 (92 bytes)
1738151790.932217 sending message 105 to peer 0x32335f40 (19 bytes)
1738151790.932223 sending message 105 to peer 0x32335f40 (26 bytes)
1738151790.932229 sending message 105 to peer 0x32335f40 (44 bytes)
1738151790.932236 sending message 105 to peer 0x32335f40 (43 bytes)
1738151790.932242 sending message 105 to peer 0x32335f40 (50 bytes)
1738151790.932248 sending message 105 to peer 0x32335f40 (47 bytes)
1738151790.932254 sending message 105 to peer 0x32335f40 (26 bytes)
1738151790.932260 sending message 105 to peer 0x32335f40 (84 bytes)
1738151790.932266 sending message 105 to peer 0x32335f40 (38 bytes)
1738151790.932272 sending message 105 to peer 0x32335f40 (43 bytes)
1738151790.932279 sending message 105 to peer 0x32335f40 (179 bytes)
1738151790.932286 sending message 105 to peer 0x32335f40 (8839 bytes)
1738151790.932294 sending message 105 to peer 0x32335f40 (18 bytes)
1738151790.932300 sending message 105 to peer 0x32335f40 (57 bytes)
1738151790.932307 sending message 105 to peer 0x32335f40 (13 bytes)
1738151790.932313 sending message 105 to peer 0x32335f40 (155 bytes)
1738151790.932319 sending message 105 to peer 0x32335f40 (18 bytes)
1738151790.932326 sending message 105 to peer 0x32335f40 (11 bytes)
1738151790.932331 sending message 105 to peer 0x32335f40 (25 bytes)
1738151790.932338 sending message 105 to peer 0x32335f40 (20 bytes)
1738151790.932344 sending message 105 to peer 0x32335f40 (575 bytes)
1738151790.932350 sending message 105 to peer 0x32335f40 (24 bytes)
1738151790.932379 sending message 105 to peer 0x32335f40 (21 bytes)
1738151790.932385 sending message 105 to peer 0x32335f40 (31 bytes)
1738151790.932391 sending message 105 to peer 0x32335f40 (15 bytes)
1738151790.932397 sending message 105 to peer 0x32335f40 (22 bytes)
1738151790.932404 sending message 105 to peer 0x32335f40 (25 bytes)
1738151790.932410 sending message 105 to peer 0x32335f40 (24 bytes)
1738151790.932416 sending message 105 to peer 0x32335f40 (8159 bytes)
1738151790.932433 sending message 105 to peer 0x32335f40 (17 bytes)
1738151790.932440 sending message 105 to peer 0x32335f40 (1003 bytes)
1738151790.932447 sending message 105 to peer 0x32335f40 (22 bytes)
1738151790.932453 sending message 105 to peer 0x32335f40 (45 bytes)
1738151790.932460 sending message 105 to peer 0x32335f40 (24 bytes)
1738151790.932466 sending message 105 to peer 0x32335f40 (24 bytes)
1738151790.932472 sending message 105 to peer 0x32335f40 (84 bytes)
1738151790.932478 sending message 105 to peer 0x32335f40 (19 bytes)
1738151790.932484 sending message 105 to peer 0x32335f40 (35 bytes)
1738151790.932491 sending message 105 to peer 0x32335f40 (408 bytes)
1738151790.932497 sending message 105 to peer 0x32335f40 (274 bytes)
1738151790.932503 sending message 105 to peer 0x32335f40 (128 bytes)
1738151790.932509 sending message 105 to peer 0x32335f40 (103 bytes)
1738151790.932516 sending message 105 to peer 0x32335f40 (27 bytes)
1738151790.932522 sending message 105 to peer 0x32335f40 (353 bytes)
1738151790.932528 sending message 105 to peer 0x32335f40 (30 bytes)
1738151790.932535 sending message 105 to peer 0x32335f40 (31 bytes)
1738151790.932541 sending message 105 to peer 0x32335f40 (24 bytes)
1738151790.932547 sending message 106 to peer 0x32335f40 (0 bytes)
1738151790.932686 sending message 200 to peer 0x32335f40 (4 bytes)
1738151790.932695 client loop enter
1738151790.936167 peer 0x32335f40 message 303
1738151790.936185 open write file 2 -
1738151790.936198 sending message 305 to peer 0x32335f40 (8 bytes)
1738151790.936211 write check file 2
1738151790.936339 peer 0x32335f40 message 304
1738151790.936350 write 58 to file 2
1738151790.936373 peer 0x32335f40 message 203
1738151790.936379 file 2 58 bytes left
1738151790.936398 write check file 2
1738151790.936406 client loop exit
